<?xml version="1.0" encoding="UTF-8"?>
<testsuite xmlns:xsi="http://www.w3.org/2001/XMLSchema-instance" xsi:noNamespaceSchemaLocation="https://maven.apache.org/surefire/maven-surefire-plugin/xsd/surefire-test-report-3.0.xsd" version="3.0" name="br.com.automacaodozero.TestRegisterTest" time="18.817" tests="10" errors="0" skipped="0" failures="2">
  <properties>
[...]
</properties>
  <testcase name="TC_001_CadastroUsuarioComDadosValidosComSucesso" classname="br.com.automacaodozero.TestRegisterTest" time="2.076"/>
  <testcase name="TC_008_CadastroComConfirmacaoDeSenhaDiferente" classname="br.com.automacaodozero.TestRegisterTest" time="1.687"/>
  <testcase name="TC_003_CadastroDeUsuarioComNomeInvalido" classname="br.com.automacaodozero.TestRegisterTest" time="1.738">
    <failure message="expected: &lt;true&gt; but was: &lt;false&gt;" type="org.opentest4j.AssertionFailedError"><![CDATA[org.opentest4j.AssertionFailedError: expected: <true> but was: <false>
	at org.junit.jupiter.api.AssertionFailureBuilder.build(AssertionFailureBuilder.java:151)
	at org.junit.jupiter.api.AssertionFailureBuilder.buildAndThrow(AssertionFailureBuilder.java:132)
	at org.junit.jupiter.api.AssertTrue.failNotTrue(AssertTrue.java:63)
	at org.junit.jupiter.api.AssertTrue.assertTrue(AssertTrue.java:36)
	at org.junit.jupiter.api.AssertTrue.assertTrue(AssertTrue.java:31)
	at org.junit.jupiter.api.Assertions.assertTrue(Assertions.java:179)
	at br.com.automacaodozero.TestRegisterTest.TC_003_CadastroDeUsuarioComNomeInvalido(TestRegisterTest.java:47)
	at java.base/java.lang.reflect.Method.invoke(Method.java:578)
	at java.base/java.util.ArrayList.forEach(ArrayList.java:1511)
	at java.base/java.util.ArrayList.forEach(ArrayList.java:1511)
]]></failure>
  </testcase>
  <testcase name="TC_007_CadastroComConfirmacaoDeSenhaVazia" classname="br.com.automacaodozero.TestRegisterTest" time="2.243"/>
  <testcase name="TC_002_CadastroDeUsuarioComEmailInvalido" classname="br.com.automacaodozero.TestRegisterTest" time="1.805"/>
  <testcase name="TC_009_CadastroComEmailExistente" classname="br.com.automacaodozero.TestRegisterTest" time="2.088">
    <failure message="expected: &lt;Email ja cadastrado&gt; but was: &lt;A conta 766-7 foi criada com sucesso&gt;" type="org.opentest4j.AssertionFailedError"><![CDATA[org.opentest4j.AssertionFailedError: expected: <Email ja cadastrado> but was: <A conta 766-7 foi criada com sucesso>
	at org.junit.jupiter.api.AssertionFailureBuilder.build(AssertionFailureBuilder.java:151)
	at org.junit.jupiter.api.AssertionFailureBuilder.buildAndThrow(AssertionFailureBuilder.java:132)
	at org.junit.jupiter.api.AssertEquals.failNotEqual(AssertEquals.java:197)
	at org.junit.jupiter.api.AssertEquals.assertEquals(AssertEquals.java:182)
	at org.junit.jupiter.api.AssertEquals.assertEquals(AssertEquals.java:177)
	at org.junit.jupiter.api.Assertions.assertEquals(Assertions.java:1141)
	at br.com.automacaodozero.TestRegisterTest.TC_009_CadastroComEmailExistente(TestRegisterTest.java:134)
	at java.base/java.lang.reflect.Method.invoke(Method.java:578)
	at java.base/java.util.ArrayList.forEach(ArrayList.java:1511)
	at java.base/java.util.ArrayList.forEach(ArrayList.java:1511)
]]></failure>
  </testcase>
  <testcase name="TC_005_CadastroComEmailVazio" classname="br.com.automacaodozero.TestRegisterTest" time="1.798"/>
  <testcase name="TC_010_VerificarOcultacaoDeSenha" classname="br.com.automacaodozero.TestRegisterTest" time="1.886"/>
  <testcase name="TC_006_CadastroComSenhaVazia" classname="br.com.automacaodozero.TestRegisterTest" time="1.738"/>
  <testcase name="TC_004_CadastroComNomeVazio" classname="br.com.automacaodozero.TestRegisterTest" time="1.753"/>
</testsuite>