<?xml version="1.0" encoding="UTF-8" ?>
<testsuite tests="6" failures="0" name="br.com.automacaodozero.LoginTest" time="20.91" errors="0" skipped="0">
  <properties>
[...]
</properties>
  <testcase classname="br.com.automacaodozero.LoginTest" name="TC_016_LoginComEmailInvalido" time="7.664"/>
  <testcase classname="br.com.automacaodozero.LoginTest" name="TC_012_LoginSemPreencherEmailESenha" time="2.366"/>
  <testcase classname="br.com.automacaodozero.LoginTest" name="TC_013_LoginComSenhaVazia" time="2.5"/>
  <testcase classname="br.com.automacaodozero.LoginTest" name="TC_015_LoginComEmailVazio" time="2.416"/>
  <testcase classname="br.com.automacaodozero.LoginTest" name="TC_017_LoginComEmailESenhaValidas" time="3.511"/>
  <testcase classname="br.com.automacaodozero.LoginTest" name="TC_014_LoginComSenhaInvalida" time="2.453"/>
</testsuite>